npm install     
npm WARN ERESOLVE overriding peer dependency
npm WARN While resolving: react-inspector@5.1.1
npm WARN Found: react@18.2.0
npm WARN node_modules/react
npm WARN   react@"18.2.0" from the root project
npm WARN   156 more (@callstack/reassure-measure, ...)
npm WARN 
npm WARN Could not resolve dependency:
npm WARN peer react@"^16.8.4 || ^17.0.0" from react-inspector@5.1.1
npm WARN node_modules/@storybook/addon-actions/node_modules/react-inspector
npm WARN   react-inspector@"^5.1.0" from @storybook/addon-actions@6.5.10
npm WARN   node_modules/@storybook/addon-actions
npm WARN 
npm WARN Conflicting peer dependency: react@17.0.2
npm WARN node_modules/react
npm WARN   peer react@"^16.8.4 || ^17.0.0" from react-inspector@5.1.1
npm WARN   node_modules/@storybook/addon-actions/node_modules/react-inspector
npm WARN     react-inspector@"^5.1.0" from @storybook/addon-actions@6.5.10
npm WARN     node_modules/@storybook/addon-actions
npm WARN ERESOLVE overriding peer dependency
npm WARN While resolving: @mdx-js/react@1.6.22
npm WARN Found: react@18.2.0
npm WARN node_modules/react
npm WARN   react@"18.2.0" from the root project
npm WARN   156 more (@callstack/reassure-measure, ...)
npm WARN 
npm WARN Could not resolve dependency:
npm WARN peer react@"^16.13.1 || ^17.0.0" from @mdx-js/react@1.6.22
npm WARN node_modules/@storybook/addon-docs/node_modules/@mdx-js/react
npm WARN   @mdx-js/react@"^1.6.22" from @storybook/addon-docs@6.5.10
npm WARN   node_modules/@storybook/addon-docs
npm WARN 
npm WARN Conflicting peer dependency: react@17.0.2
npm WARN node_modules/react
npm WARN   peer react@"^16.13.1 || ^17.0.0" from @mdx-js/react@1.6.22
npm WARN   node_modules/@storybook/addon-docs/node_modules/@mdx-js/react
npm WARN     @mdx-js/react@"^1.6.22" from @storybook/addon-docs@6.5.10
npm WARN     node_modules/@storybook/addon-docs
npm WARN ERESOLVE overriding peer dependency
npm WARN While resolving: react-element-to-jsx-string@14.3.4
npm WARN Found: react@18.2.0
npm WARN node_modules/react
npm WARN   react@"18.2.0" from the root project
npm WARN   156 more (@callstack/reassure-measure, ...)
npm WARN 
npm WARN Could not resolve dependency:
npm WARN peer react@"^0.14.8 || ^15.0.1 || ^16.0.0 || ^17.0.1" from react-element-to-jsx-string@14.3.4
npm WARN node_modules/@storybook/react/node_modules/react-element-to-jsx-string
npm WARN   react-element-to-jsx-string@"^14.3.4" from @storybook/react@6.5.10
npm WARN   node_modules/@storybook/react
npm WARN 
npm WARN Conflicting peer dependency: react@17.0.2
npm WARN node_modules/react
npm WARN   peer react@"^0.14.8 || ^15.0.1 || ^16.0.0 || ^17.0.1" from react-element-to-jsx-string@14.3.4
npm WARN   node_modules/@storybook/react/node_modules/react-element-to-jsx-string
npm WARN     react-element-to-jsx-string@"^14.3.4" from @storybook/react@6.5.10
npm WARN     node_modules/@storybook/react
npm WARN ERESOLVE overriding peer dependency
npm WARN While resolving: react-element-to-jsx-string@14.3.4
npm WARN Found: react-dom@18.1.0
npm WARN node_modules/react-dom
npm WARN   react-dom@"18.1.0" from the root project
npm WARN   103 more (@expensify/react-native-web, @storybook/addon-a11y, ...)
npm WARN 
npm WARN Could not resolve dependency:
npm WARN peer react-dom@"^0.14.8 || ^15.0.1 || ^16.0.0 || ^17.0.1" from react-element-to-jsx-string@14.3.4
npm WARN node_modules/@storybook/react/node_modules/react-element-to-jsx-string
npm WARN   react-element-to-jsx-string@"^14.3.4" from @storybook/react@6.5.10
npm WARN   node_modules/@storybook/react
npm WARN 
npm WARN Conflicting peer dependency: react-dom@17.0.2
npm WARN node_modules/react-dom
npm WARN   peer react-dom@"^0.14.8 || ^15.0.1 || ^16.0.0 || ^17.0.1" from react-element-to-jsx-string@14.3.4
npm WARN   node_modules/@storybook/react/node_modules/react-element-to-jsx-string
npm WARN     react-element-to-jsx-string@"^14.3.4" from @storybook/react@6.5.10
npm WARN     node_modules/@storybook/react
npm ERR! code EBADENGINE
npm ERR! engine Unsupported engine
npm ERR! engine Not compatible with your version of node/npm: react-native-onyx@1.0.43
npm ERR! notsup Not compatible with your version of node/npm: react-native-onyx@1.0.43
npm ERR! notsup Required: {"node":"16.15.1","npm":"8.11.0"}
npm ERR! notsup Actual:   {"npm":"8.19.4","node":"v16.20.0"}

npm ERR! A complete log of this run can be found in:
npm ERR!     ~/.npm/_logs/2023-06-05T10_47_24_903Z-debug-0.log

nvm install
Found '~/dev/github/docker-wordpress/App/.nvmrc' with version <16.15.1>
Downloading and installing node v16.15.1...
Downloading https://nodejs.org/dist/v16.15.1/node-v16.15.1-darwin-x64.tar.xz...
######################################################################################### 100.0%
Computing checksum with shasum -a 256
Checksums matched!
Now using node v16.15.1 (npm v8.11.0)
Creating default alias: default -> 16.15.1 (-> v16.15.1)

nvm ls
->     v16.15.1
         system
default -> 16.15.1 (-> v16.15.1)
iojs -> N/A (default)
unstable -> N/A (default)
node -> stable (-> v16.15.1) (default)
stable -> 16.15 (-> v16.15.1) (default)
lts/* -> lts/hydrogen (-> N/A)
lts/argon -> v4.9.1 (-> N/A)
lts/boron -> v6.17.1 (-> N/A)
lts/carbon -> v8.17.0 (-> N/A)
lts/dubnium -> v10.24.1 (-> N/A)
lts/erbium -> v12.22.12 (-> N/A)
lts/fermium -> v14.21.3 (-> N/A)
lts/gallium -> v16.20.0 (-> N/A)
lts/hydrogen -> v18.16.0 (-> N/A)

npm config get registry
https://registry.npmjs.org/

cat ~/.npmrc
//registry.npmjs.org/:_authToken=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

npm install --registry=http://registry.npmmirror.com 
 
npm WARN ERESOLVE overriding peer dependency
npm WARN While resolving: react-inspector@5.1.1
npm WARN Found: react@18.2.0
npm WARN node_modules/react
npm WARN   react@"18.2.0" from the root project
npm WARN   156 more (@callstack/reassure-measure, ...)
npm WARN 
npm WARN Could not resolve dependency:
npm WARN peer react@"^16.8.4 || ^17.0.0" from react-inspector@5.1.1
npm WARN node_modules/@storybook/addon-actions/node_modules/react-inspector
npm WARN   react-inspector@"^5.1.0" from @storybook/addon-actions@6.5.10
npm WARN   node_modules/@storybook/addon-actions
npm WARN 
npm WARN Conflicting peer dependency: react@17.0.2
npm WARN node_modules/react
npm WARN   peer react@"^16.8.4 || ^17.0.0" from react-inspector@5.1.1
npm WARN   node_modules/@storybook/addon-actions/node_modules/react-inspector
npm WARN     react-inspector@"^5.1.0" from @storybook/addon-actions@6.5.10
npm WARN     node_modules/@storybook/addon-actions
npm WARN ERESOLVE overriding peer dependency
npm WARN While resolving: @mdx-js/react@1.6.22
npm WARN Found: react@18.2.0
npm WARN node_modules/react
npm WARN   react@"18.2.0" from the root project
npm WARN   156 more (@callstack/reassure-measure, ...)
npm WARN 
npm WARN Could not resolve dependency:
npm WARN peer react@"^16.13.1 || ^17.0.0" from @mdx-js/react@1.6.22
npm WARN node_modules/@storybook/addon-docs/node_modules/@mdx-js/react
npm WARN   @mdx-js/react@"^1.6.22" from @storybook/addon-docs@6.5.10
npm WARN   node_modules/@storybook/addon-docs
npm WARN 
npm WARN Conflicting peer dependency: react@17.0.2
npm WARN node_modules/react
npm WARN   peer react@"^16.13.1 || ^17.0.0" from @mdx-js/react@1.6.22
npm WARN   node_modules/@storybook/addon-docs/node_modules/@mdx-js/react
npm WARN     @mdx-js/react@"^1.6.22" from @storybook/addon-docs@6.5.10
npm WARN     node_modules/@storybook/addon-docs
npm WARN ERESOLVE overriding peer dependency
npm WARN While resolving: react-element-to-jsx-string@14.3.4
npm WARN Found: react@18.2.0
npm WARN node_modules/react
npm WARN   react@"18.2.0" from the root project
npm WARN   156 more (@callstack/reassure-measure, ...)
npm WARN 
npm WARN Could not resolve dependency:
npm WARN peer react@"^0.14.8 || ^15.0.1 || ^16.0.0 || ^17.0.1" from react-element-to-jsx-string@14.3.4
npm WARN node_modules/@storybook/react/node_modules/react-element-to-jsx-string
npm WARN   react-element-to-jsx-string@"^14.3.4" from @storybook/react@6.5.10
npm WARN   node_modules/@storybook/react
npm WARN 
npm WARN Conflicting peer dependency: react@17.0.2
npm WARN node_modules/react
npm WARN   peer react@"^0.14.8 || ^15.0.1 || ^16.0.0 || ^17.0.1" from react-element-to-jsx-string@14.3.4
npm WARN   node_modules/@storybook/react/node_modules/react-element-to-jsx-string
npm WARN     react-element-to-jsx-string@"^14.3.4" from @storybook/react@6.5.10
npm WARN     node_modules/@storybook/react
npm WARN ERESOLVE overriding peer dependency
npm WARN While resolving: react-element-to-jsx-string@14.3.4
npm WARN Found: react-dom@18.1.0
npm WARN node_modules/react-dom
npm WARN   react-dom@"18.1.0" from the root project
npm WARN   103 more (@expensify/react-native-web, @storybook/addon-a11y, ...)
npm WARN 
npm WARN Could not resolve dependency:
npm WARN peer react-dom@"^0.14.8 || ^15.0.1 || ^16.0.0 || ^17.0.1" from react-element-to-jsx-string@14.3.4
npm WARN node_modules/@storybook/react/node_modules/react-element-to-jsx-string
npm WARN   react-element-to-jsx-string@"^14.3.4" from @storybook/react@6.5.10
npm WARN   node_modules/@storybook/react
npm WARN 
npm WARN Conflicting peer dependency: react-dom@17.0.2
npm WARN node_modules/react-dom
npm WARN   peer react-dom@"^0.14.8 || ^15.0.1 || ^16.0.0 || ^17.0.1" from react-element-to-jsx-string@14.3.4
npm WARN   node_modules/@storybook/react/node_modules/react-element-to-jsx-string
npm WARN     react-element-to-jsx-string@"^14.3.4" from @storybook/react@6.5.10
npm WARN     node_modules/@storybook/react
npm WARN skipping integrity check for git dependency ssh://git@github.com/Expensify/simply-deferred.git 
npm WARN skipping integrity check for git dependency ssh://git@github.com/Expensify/react-native-picker-select.git 
npm WARN skipping integrity check for git dependency ssh://git@github.com/Expensify/react-native-image-size.git 
npm WARN skipping integrity check for git dependency ssh://git@github.com/Expensify/react-native-google-places-autocomplete.git 
npm WARN skipping integrity check for git dependency ssh://git@github.com/Expensify/expensify-common.git 
npm WARN skipping integrity check for git dependency ssh://git@github.com/Expensify/react-native-image-manipulator.git 
npm ERR! code ERR_SOCKET_TIMEOUT
npm ERR! network Socket timeout
npm ERR! network This is a problem related to network connectivity.
npm ERR! network In most cases you are behind a proxy or have bad network settings.
npm ERR! network 
npm ERR! network If you are behind a proxy, please make sure that the
npm ERR! network 'proxy' config is set properly.  See: 'npm help config'

npm ERR! A complete log of this run can be found in:
npm ERR!     ~/.npm/_logs/2023-06-06T03_34_01_371Z-debug-0.log

npm install -g http-proxy-to-socks
npm WARN config global `--global`, `--local` are deprecated. Use `--location=global` instead.
npm WARN deprecated socks@1.1.10: If using 2.x branch, please upgrade to at least 2.1.6 to avoid a serious bug with socket data flow and an import issue introduced in 2.1.0

added 40 packages, and audited 41 packages in 14s

2 packages are looking for funding
  run `npm fund` for details

found 0 vulnerabilities

which hpts
~/.nvm/versions/node/v16.15.1/bin/hpts

hpts -s localhost:1080 -p 8002
SOCKS: localhost:1080
http-proxy listening: 127.0.0.1:8002

npm install --registry=https://registry.npmmirror.com
npm WARN ERESOLVE overriding peer dependency
npm WARN While resolving: react-inspector@5.1.1
npm WARN Found: react@18.2.0
npm WARN node_modules/react
npm WARN   react@"18.2.0" from the root project
npm WARN   156 more (@callstack/reassure-measure, ...)
npm WARN 
npm WARN Could not resolve dependency:
npm WARN peer react@"^16.8.4 || ^17.0.0" from react-inspector@5.1.1
npm WARN node_modules/@storybook/addon-actions/node_modules/react-inspector
npm WARN   react-inspector@"^5.1.0" from @storybook/addon-actions@6.5.10
npm WARN   node_modules/@storybook/addon-actions
npm WARN 
npm WARN Conflicting peer dependency: react@17.0.2
npm WARN node_modules/react
npm WARN   peer react@"^16.8.4 || ^17.0.0" from react-inspector@5.1.1
npm WARN   node_modules/@storybook/addon-actions/node_modules/react-inspector
npm WARN     react-inspector@"^5.1.0" from @storybook/addon-actions@6.5.10
npm WARN     node_modules/@storybook/addon-actions
npm WARN ERESOLVE overriding peer dependency
npm WARN While resolving: @mdx-js/react@1.6.22
npm WARN Found: react@18.2.0
npm WARN node_modules/react
npm WARN   react@"18.2.0" from the root project
npm WARN   156 more (@callstack/reassure-measure, ...)
npm WARN 
npm WARN Could not resolve dependency:
npm WARN peer react@"^16.13.1 || ^17.0.0" from @mdx-js/react@1.6.22
npm WARN node_modules/@storybook/addon-docs/node_modules/@mdx-js/react
npm WARN   @mdx-js/react@"^1.6.22" from @storybook/addon-docs@6.5.10
npm WARN   node_modules/@storybook/addon-docs
npm WARN 
npm WARN Conflicting peer dependency: react@17.0.2
npm WARN node_modules/react
npm WARN   peer react@"^16.13.1 || ^17.0.0" from @mdx-js/react@1.6.22
npm WARN   node_modules/@storybook/addon-docs/node_modules/@mdx-js/react
npm WARN     @mdx-js/react@"^1.6.22" from @storybook/addon-docs@6.5.10
npm WARN     node_modules/@storybook/addon-docs
npm WARN ERESOLVE overriding peer dependency
npm WARN While resolving: react-element-to-jsx-string@14.3.4
npm WARN Found: react@18.2.0
npm WARN node_modules/react
npm WARN   react@"18.2.0" from the root project
npm WARN   156 more (@callstack/reassure-measure, ...)
npm WARN 
npm WARN Could not resolve dependency:
npm WARN peer react@"^0.14.8 || ^15.0.1 || ^16.0.0 || ^17.0.1" from react-element-to-jsx-string@14.3.4
npm WARN node_modules/@storybook/react/node_modules/react-element-to-jsx-string
npm WARN   react-element-to-jsx-string@"^14.3.4" from @storybook/react@6.5.10
npm WARN   node_modules/@storybook/react
npm WARN 
npm WARN Conflicting peer dependency: react@17.0.2
npm WARN node_modules/react
npm WARN   peer react@"^0.14.8 || ^15.0.1 || ^16.0.0 || ^17.0.1" from react-element-to-jsx-string@14.3.4
npm WARN   node_modules/@storybook/react/node_modules/react-element-to-jsx-string
npm WARN     react-element-to-jsx-string@"^14.3.4" from @storybook/react@6.5.10
npm WARN     node_modules/@storybook/react
npm WARN ERESOLVE overriding peer dependency
npm WARN While resolving: react-element-to-jsx-string@14.3.4
npm WARN Found: react-dom@18.1.0
npm WARN node_modules/react-dom
npm WARN   react-dom@"18.1.0" from the root project
npm WARN   103 more (@expensify/react-native-web, @storybook/addon-a11y, ...)
npm WARN 
npm WARN Could not resolve dependency:
npm WARN peer react-dom@"^0.14.8 || ^15.0.1 || ^16.0.0 || ^17.0.1" from react-element-to-jsx-string@14.3.4
npm WARN node_modules/@storybook/react/node_modules/react-element-to-jsx-string
npm WARN   react-element-to-jsx-string@"^14.3.4" from @storybook/react@6.5.10
npm WARN   node_modules/@storybook/react
npm WARN 
npm WARN Conflicting peer dependency: react-dom@17.0.2
npm WARN node_modules/react-dom
npm WARN   peer react-dom@"^0.14.8 || ^15.0.1 || ^16.0.0 || ^17.0.1" from react-element-to-jsx-string@14.3.4
npm WARN   node_modules/@storybook/react/node_modules/react-element-to-jsx-string
npm WARN     react-element-to-jsx-string@"^14.3.4" from @storybook/react@6.5.10
npm WARN     node_modules/@storybook/react
npm WARN skipping integrity check for git dependency ssh://git@github.com/Expensify/simply-deferred.git 
npm WARN skipping integrity check for git dependency ssh://git@github.com/Expensify/react-native-picker-select.git 
npm WARN skipping integrity check for git dependency ssh://git@github.com/Expensify/react-native-image-size.git 
npm WARN skipping integrity check for git dependency ssh://git@github.com/Expensify/react-native-google-places-autocomplete.git 
npm WARN skipping integrity check for git dependency ssh://git@github.com/Expensify/expensify-common.git 
npm WARN skipping integrity check for git dependency ssh://git@github.com/Expensify/react-native-image-manipulator.git 
(##########â ‚â ‚â ‚â ‚â ‚â ‚â ‚â ‚) â ¼ reify:react-dom: http fetch GET 200 https://registry.npmmirror.com/comma
(##########â ‚â ‚â ‚â ‚â ‚â ‚â ‚â ‚) â ¸ reify:react-dom: http fetch GET 200 https://registry.npmmirror.com/comma

(##################) â ´ reify:react-web-config: timing reifyNode:node_modules/date-fns Completed
npm ERR! code EACCES
npm ERR! syscall open
npm ERR! path ~/.npm/_cacache/index-v5/9b/3c/88267da8b8448a61327025ccb1ca2f70cd79c4346419a40026f6dd5ed57f
npm ERR! errno EACCES
npm ERR! 
npm ERR! Your cache folder contains root-owned files, due to a bug in
npm ERR! previous versions of npm which has since been addressed.
npm ERR! 
npm ERR! To permanently fix this problem, please run:
npm ERR!   sudo chown -R 502:20 "~/.npm"

npm ERR! A complete log of this run can be found in:
npm ERR!     ~/.npm/_logs/2023-06-06T09_37_29_991Z-debug-0.log

npm ERR! Cannot read properties of null (reading 'pickAlgorithm')

npm ERR! A complete log of this run can be found in:
npm ERR!     ~/.npm/_logs/2023-06-06T10_05_25_570Z-debug-0.log

npm cache clear --force
npm WARN using --force Recommended protections disabled.

npm ERR! code ETIMEDOUT
npm ERR! syscall connect
npm ERR! errno ETIMEDOUT
npm ERR! network request to https://gitpkg.vercel.app/facebook/flipper/react-native/react-native-flipper?9cacc9b59402550eae866e0e81e5f0c2f8203e6b failed, reason: connect ETIMEDOUT 52.175.9.80:443
npm ERR! network This is a problem related to network connectivity.
npm ERR! network In most cases you are behind a proxy or have bad network settings.
npm ERR! network 
npm ERR! network If you are behind a proxy, please make sure that the
npm ERR! network 'proxy' config is set properly.  See: 'npm help config'

npm ERR! A complete log of this run can be found in:
npm ERR!     ~/.npm/_logs/2023-06-06T10_29_11_166Z-debug-0.log

npm ERR! code ERR_SOCKET_TIMEOUT
npm ERR! network Socket timeout
npm ERR! network This is a problem related to network connectivity.
npm ERR! network In most cases you are behind a proxy or have bad network settings.
npm ERR! network 
npm ERR! network If you are behind a proxy, please make sure that the
npm ERR! network 'proxy' config is set properly.  See: 'npm help config'

npm ERR! A complete log of this run can be found in:
npm ERR!     ~/.npm/_logs/2023-06-07T04_04_31_151Z-debug-0.log

npm ERR! code ECONNRESET
npm ERR! network aborted
npm ERR! network This is a problem related to network connectivity.
npm ERR! network In most cases you are behind a proxy or have bad network settings.
npm ERR! network 
npm ERR! network If you are behind a proxy, please make sure that the
npm ERR! network 'proxy' config is set properly.  See: 'npm help config'

npm ERR! A complete log of this run can be found in:
npm ERR!     ~/.npm/_logs/2023-06-07T06_08_48_805Z-debug-0.log

yarn install
yarn install v1.17.3
info No lockfile found.
warning package-lock.json found. Your project contains lock files generated by tools other than Yarn. It is advised not to mix package managers in order to avoid resolution inconsistencies caused by unsynchronized lock files. To clear this warning, remove package-lock.json.
[1/5] ðŸ”  Validating package.json...
[2/5] ðŸ”  Resolving packages...
info There appears to be trouble with your network connection. Retrying...
info There appears to be trouble with your network connection. Retrying...
info There appears to be trouble with your network connection. Retrying...
info There appears to be trouble with your network connection. Retrying...
error An unexpected error occurred: "https://github.com/Expensify/react-native-image-manipulator: ESOCKETTIMEDOUT".
info If you think this is a bug, please open a bug report with the information provided in "~/dev/github/docker-wordpress/App/yarn-error.log".
info Visit https://yarnpkg.com/en/docs/cli/install for documentation about this command.

yarn install
yarn install v1.17.3
info No lockfile found.
warning package-lock.json found. Your project contains lock files generated by tools other than Yarn. It is advised not to mix package managers in order to avoid resolution inconsistencies caused by unsynchronized lock files. To clear this warning, remove package-lock.json.
[1/5] ðŸ”  Validating package.json...
[2/5] ðŸ”  Resolving packages...
info There appears to be trouble with your network connection. Retrying...
info There appears to be trouble with your network connection. Retrying...
info There appears to be trouble with your network connection. Retrying...
info There appears to be trouble with your network connection. Retrying...
error An unexpected error occurred: "https://registry.yarnpkg.com/@expensify%2freact-native-web: ETIMEDOUT".
info If you think this is a bug, please open a bug report with the information provided in "~/dev/github/docker-wordpress/App/yarn-error.log".
info Visit https://yarnpkg.com/en/docs/cli/install for documentation about this command.

yarn install             
yarn install v1.17.3
info No lockfile found.
warning package-lock.json found. Your project contains lock files generated by tools other than Yarn. It is advised not to mix package managers in order to avoid resolution inconsistencies caused by unsynchronized lock files. To clear this warning, remove package-lock.json.
[1/5] ðŸ”  Validating package.json...
[2/5] ðŸ”  Resolving packages...
info There appears to be trouble with your network connection. Retrying...
info There appears to be trouble with your network connection. Retrying...
info There appears to be trouble with your network connection. Retrying...
info There appears to be trouble with your network connection. Retrying...
error An unexpected error occurred: "https://raw.githubusercontent.com/Expensify/react-native-image-manipulator/5cdae3d4455b03a04c57f50be3863e2fe6c92c52/package.json: ETIMEDOUT".
info If you think this is a bug, please open a bug report with the information provided in "~/dev/github/docker-wordpress/App/yarn-error.log".
info Visit https://yarnpkg.com/en/docs/cli/install for documentation about this command.

yarn install
yarn install v1.17.3
info No lockfile found.
warning package-lock.json found. Your project contains lock files generated by tools other than Yarn. It is advised not to mix package managers in order to avoid resolution inconsistencies caused by unsynchronized lock files. To clear this warning, remove package-lock.json.
[1/5] ðŸ”  Validating package.json...
[2/5] ðŸ”  Resolving packages...
warning babel-polyfill > core-js@2.6.12: core-js@<3.23.3 is no longer maintained and not recommended for usage due to the number of issues. Because of the V8 engine whims, feature detection in old core-js versions could cause a slowdown up to 100x even if nothing is polyfilled. Some versions have web compatibility issues. Please, upgrade your dependencies to the actual version of core-js.
warning babel-polyfill > babel-runtime > core-js@2.6.12: core-js@<3.23.3 is no longer maintained and not recommended for usage due to the number of issues. Because of the V8 engine whims, feature detection in old core-js versions could cause a slowdown up to 100x even if nothing is polyfilled. Some versions have web compatibility issues. Please, upgrade your dependencies to the actual version of core-js.
error Command failed.
Exit code: 128
Command: git
Arguments: ls-remote --tags --heads https://github.com/Expensify/simply-deferred.git
Directory: ~/dev/github/docker-wordpress/App
Output:
fatal: unable to access 'https://github.com/Expensify/simply-deferred.git/': HTTP/2 stream 1 was not closed cleanly before end of the underlying stream
info Visit https://yarnpkg.com/en/docs/cli/install for documentation about this command.

yarn install
yarn install v1.17.3
info No lockfile found.
warning package-lock.json found. Your project contains lock files generated by tools other than Yarn. It is advised not to mix package managers in order to avoid resolution inconsistencies caused by unsynchronized lock files. To clear this warning, remove package-lock.json.
[1/5] ðŸ”  Validating package.json...
[2/5] ðŸ”  Resolving packages...
warning babel-polyfill > core-js@2.6.12: core-js@<3.23.3 is no longer maintained and not recommended for usage due to the number of issues. Because of the V8 engine whims, feature detection in old core-js versions could cause a slowdown up to 100x even if nothing is polyfilled. Some versions have web compatibility issues. Please, upgrade your dependencies to the actual version of core-js.
warning babel-polyfill > babel-runtime > core-js@2.6.12: core-js@<3.23.3 is no longer maintained and not recommended for usage due to the number of issues. Because of the V8 engine whims, feature detection in old core-js versions could cause a slowdown up to 100x even if nothing is polyfilled. Some versions have web compatibility issues. Please, upgrade your dependencies to the actual version of core-js.
warning metro-config > metro > metro-minify-uglify > uglify-es@3.3.9: support for ECMAScript is superseded by `uglify-js` as of v3.13.0
â ‚ react-native@https://www.7otech.com/expensify-react-native-0.71.2-alpha.3.tgz
â¡€ react-native@https://www.7otech.com/expensify-react-native-0.71.2-alpha.3.tgz
â ˆ react-native@https://www.7otech.com/expensify-react-native-0.71.2-alpha.3.tgz
warning react-native > react-native-codegen > jscodeshift > micromatch > snapdragon > source-map-resolve@0.5.3: See https://github.com/lydell/source-map-resolve#deprecated
warning react-native > react-native-codegen > jscodeshift > micromatch > snapdragon > source-map-resolve > resolve-url@0.2.1: https://github.com/lydell/resolve-url#deprecated
warning react-native > react-native-codegen > jscodeshift > micromatch > snapdragon > source-map-resolve > source-map-url@0.4.1: See https://github.com/lydell/source-map-url#deprecated
warning react-native > react-native-codegen > jscodeshift > micromatch > snapdragon > source-map-resolve > urix@0.1.0: Please see https://github.com/lydell/urix#deprecated
info There appears to be trouble with your network connection. Retrying...
warning react-native > @react-native-community/cli > @react-native-community/cli-plugin-metro > metro > metro-minify-uglify > uglify-es@3.3.9: support for ECMAScript is superseded by `uglify-js` as of v3.13.0
warning react-web-config > webpack > acorn-dynamic-import@2.0.2: This is probably built in to whatever tool you're using. If you still need it... idk
warning react-web-config > webpack > watchpack > watchpack-chokidar2 > chokidar@2.1.8: Chokidar 2 does not receive security updates since 2019. Upgrade to chokidar 3 with 15x fewer dependencies
warning react-web-config > webpack > watchpack > watchpack-chokidar2 > chokidar > fsevents@1.2.13: The v1 package contains DANGEROUS / INSECURE binaries. Upgrade to safe fsevents v2
warning react-web-config > webpack > node-libs-browser > url > querystring@0.2.0: The querystring API is considered Legacy. new code should use the URLSearchParams API instead.
warning @react-native-community/eslint-config > babel-eslint@10.1.0: babel-eslint is now @babel/eslint-parser. This package will no longer receive updates.
warning @storybook/addon-essentials > @storybook/addon-actions > uuid-browser@3.1.0: Package no longer supported and required. Use the uuid package or crypto.randomUUID instead
warning @storybook/addon-essentials > @storybook/addon-controls > @storybook/store > stable@0.1.8: Modern JS already guarantees Array#sort() is a stable sort, so this library is deprecated. See the compatibility table on MDN: https://developer.mozilla.org/en-US/docs/Web/JavaScript/Reference/Global_Objects/Array/sort#browser_compatibility
warning @storybook/addon-essentials > @storybook/addon-docs > @jest/transform > jest-haste-map > sane@4.1.0: some dependency vulnerabilities fixed, support for node < 10 dropped, and newer ECMAScript syntax/features added
warning @storybook/addon-essentials > @storybook/addon-docs > @storybook/mdx1-csf > @mdx-js/mdx > remark-parse > trim@0.0.1: Use String.prototype.trim() instead
warning @storybook/builder-webpack5 > stable@0.1.8: Modern JS already guarantees Array#sort() is a stable sort, so this library is deprecated. See the compatibility table on MDN: https://developer.mozilla.org/en-US/docs/Web/JavaScript/Reference/Global_Objects/Array/sort#browser_compatibility
warning @storybook/react > @storybook/core > @storybook/core-server > @storybook/manager-webpack4 > webpack-dev-middleware > webpack-log > uuid@3.4.0: Please upgrade  to version 7 or higher.  Older versions may use Math.random() in certain circumstances, which is known to be problematic.  See https://v8.dev/blog/math-random for details.
warning @storybook/react > @storybook/core > @storybook/core-server > @storybook/manager-webpack4 > terser-webpack-plugin > cacache > @npmcli/move-file@1.1.2: This functionality has been moved to @npmcli/fs
warning @storybook/react > @storybook/core > @storybook/core-server > @storybook/builder-webpack4 > stable@0.1.8: Modern JS already guarantees Array#sort() is a stable sort, so this library is deprecated. See the compatibility table on MDN: https://developer.mozilla.org/en-US/docs/Web/JavaScript/Reference/Global_Objects/Array/sort#browser_compatibility
warning @svgr/webpack > @svgr/plugin-svgo > svgo > stable@0.1.8: Modern JS already guarantees Array#sort() is a stable sort, so this library is deprecated. See the compatibility table on MDN: https://developer.mozilla.org/en-US/docs/Web/JavaScript/Reference/Global_Objects/Array/sort#browser_compatibility
warning babel-eslint@10.1.0: babel-eslint is now @babel/eslint-parser. This package will no longer receive updates.
warning electron-builder > app-builder-lib > electron-osx-sign@0.6.0: Please use @electron/osx-sign moving forward. Be aware the API is slightly different
warning electron-builder > app-builder-lib > @electron/universal > asar@3.2.0: Please use @electron/asar moving forward.  There is no API change, just a package name change
warning electron-notarize@1.2.2: Please use @electron/notarize moving forward.  There is no API change, just a package name change
warning eslint-config-expensify > babel-eslint@10.1.0: babel-eslint is now @babel/eslint-parser. This package will no longer receive updates.
warning webpack-font-preload-plugin > jsdom > w3c-hr-time@1.0.2: Use your platform's native performance.now() and performance.timeOrigin.
[3/5] ðŸšš  Fetching packages...
[4/5] ðŸ”—  Linking dependencies...
warning " > lottie-react-native@5.1.6" has unmet peer dependency "lottie-ios@^3.4.0".
warning "onfido-sdk-ui > @onfido/active-video-capture > @tensorflow-models/face-detection@1.0.2" has incorrect peer dependency "@tensorflow/tfjs-backend-webgl@^4.4.0".
warning "onfido-sdk-ui > @onfido/active-video-capture > @tensorflow-models/face-detection@1.0.2" has incorrect peer dependency "@tensorflow/tfjs-converter@^4.4.0".
warning "onfido-sdk-ui > @onfido/active-video-capture > @tensorflow-models/face-detection@1.0.2" has incorrect peer dependency "@tensorflow/tfjs-core@^4.4.0".
warning " > react-native-key-command@1.0.1" has incorrect peer dependency "react-native@^0.70.4".
warning " > react-native-key-command@1.0.1" has unmet peer dependency "react-native-web@^0.18.1".
warning " > react-native-reanimated@3.1.0" has unmet peer dependency "@babel/plugin-proposal-nullish-coalescing-operator@^7.0.0-0".
warning " > react-native-reanimated@3.1.0" has unmet peer dependency "@babel/plugin-proposal-optional-chaining@^7.0.0-0".
warning " > react-native-reanimated@3.1.0" has unmet peer dependency "@babel/plugin-transform-arrow-functions@^7.0.0-0".
warning " > react-native-reanimated@3.1.0" has unmet peer dependency "@babel/plugin-transform-shorthand-properties@^7.0.0-0".
warning " > react-native-reanimated@3.1.0" has unmet peer dependency "@babel/plugin-transform-template-literals@^7.0.0-0".
warning "react-native-render-html > @native-html/transient-render-engine@11.2.2" has unmet peer dependency "@types/react-native@*".
warning "react-native-render-html > @native-html/transient-render-engine > @native-html/css-processor@1.11.0" has unmet peer dependency "@types/react@*".
warning "react-native-render-html > @native-html/transient-render-engine > @native-html/css-processor@1.11.0" has unmet peer dependency "@types/react-native@*".
warning " > react-native-web-lottie@1.4.4" has unmet peer dependency "react-native-web@*".
warning "@react-native-community/eslint-config > @typescript-eslint/eslint-plugin > tsutils@3.21.0" has unmet peer dependency "typescript@>=2.8.0 || >= 3.2.0-dev || >= 3.3.0-dev || >= 3.4.0-dev || >= 3.5.0-dev || >= 3.6.0-dev || >= 3.6.0-beta || >= 3.7.0-dev || >= 3.7.0-beta".
warning "@storybook/builder-webpack5 > fork-ts-checker-webpack-plugin@6.5.3" has unmet peer dependency "typescript@>= 2.7".
warning "@storybook/addon-essentials > @storybook/addon-actions > react-inspector@5.1.1" has incorrect peer dependency "react@^16.8.4 || ^17.0.0".
warning "@storybook/addon-essentials > @storybook/addon-docs > @mdx-js/react@1.6.22" has incorrect peer dependency "react@^16.13.1 || ^17.0.0".
warning " > @storybook/addon-react-native-web@0.0.19--canary.37.cb55428.0" has unmet peer dependency "@storybook/api@*".
warning " > @storybook/addon-react-native-web@0.0.19--canary.37.cb55428.0" has unmet peer dependency "@storybook/components@*".
warning " > @storybook/addon-react-native-web@0.0.19--canary.37.cb55428.0" has unmet peer dependency "@storybook/core-events@*".
warning " > @storybook/react@6.5.16" has unmet peer dependency "require-from-string@^2.0.2".
warning "@storybook/react > @storybook/react-docgen-typescript-plugin@1.0.2-canary.6.9d540b91e815f8fc2f8829189deb00553559ff63.0" has unmet peer dependency "typescript@>= 3.x".
warning "@storybook/react > react-element-to-jsx-string@14.3.4" has incorrect peer dependency "react@^0.14.8 || ^15.0.1 || ^16.0.0 || ^17.0.1".
warning "@storybook/react > react-element-to-jsx-string@14.3.4" has incorrect peer dependency "react-dom@^0.14.8 || ^15.0.1 || ^16.0.0 || ^17.0.1".
warning "@storybook/react > @storybook/react-docgen-typescript-plugin > react-docgen-typescript@2.2.2" has unmet peer dependency "typescript@>= 4.3.x".
warning "eslint-config-expensify > eslint-config-airbnb@18.0.1" has incorrect peer dependency "eslint-plugin-react-hooks@^1.7.0".
warning " > flipper-plugin-bridgespy-client@0.1.9" has unmet peer dependency "typescript@>=3.5.0 <5.0.0".
warning Workspaces can only be enabled in private projects.
[5/5] ðŸ”¨  Building fresh packages...
[-/10] â ˆ waiting...
[2/10] â ˆ postinstall-postinstall
[6/10] â ˆ electron
[4/10] â ˆ fsevents
error ~/dev/github/docker-wordpress/App/node_modules/shellcheck: Command failed.
Exit code: 1
Command: ./install.sh
Arguments: 

error /Users/peterzhang/dev/github/docker-wordpress/App/node_modules/electron: Command failed.
Exit code: 1
Command: node install.js
Arguments: 
Directory: /Users/peterzhang/dev/github/docker-wordpress/App/node_modules/electron
Output:
RequestError: socket hang up
    at ClientRequest.<anonymous> (/Users/peterzhang/dev/github/docker-wordpress/App/node_modules/got/dist/source/core/index.js:970:111)
    at Object.onceWrapper (node:events:642:26)
    at ClientRequest.emit (node:events:539:35)
    at ClientRequest.origin.emit (/Users/peterzhang/dev/github/docker-wordpress/App/node_modules/@szmarczak/http-timer/dist/source/index.js:43:20)
    at TLSSocket.socketOnEnd (node:_http_client:478:9)
    at TLSSocket.emit (node:events:539:35)
    at endReadableNT (node:internal/streams/readable:1345:12)
    at connResetException (node:internal/errors:692:14)
    at TLSSocket.socketOnEnd (node:_http_client:478:23)
